  [1m[35m (3.1ms)[0m  [1m[35mCREATE TABLE "schema_migrations" ("version" varchar NOT NULL PRIMARY KEY)[0m
  [1m[35m (0.6ms)[0m  [1m[35mCREATE TABLE "ar_internal_metadata" ("key" varchar NOT NULL PRIMARY KEY, "value" varchar, "created_at" datetime(6) NOT NULL, "updated_at" datetime(6) NOT NULL)[0m
  [1m[36mActiveRecord::InternalMetadata Load (0.3ms)[0m  [1m[34mSELECT * FROM "ar_internal_metadata" WHERE "ar_internal_metadata"."key" = ? ORDER BY "ar_internal_metadata"."key" ASC LIMIT 1[0m  [[nil, "environment"]]
  [1m[36mActiveRecord::InternalMetadata Create (0.5ms)[0m  [1m[32mINSERT INTO "ar_internal_metadata" ("key", "value", "created_at", "updated_at") VALUES ('environment', 'development', '2024-02-19 09:20:58.057841', '2024-02-19 09:20:58.057854') RETURNING "key"[0m
  [1m[36mActiveRecord::SchemaMigration Load (0.2ms)[0m  [1m[34mSELECT "schema_migrations"."version" FROM "schema_migrations" ORDER BY "schema_migrations"."version" ASC[0m
Started GET "/" for ::1 at 2024-02-19 16:43:18 +0530
  [1m[36mActiveRecord::SchemaMigration Load (0.3ms)[0m  [1m[34mSELECT "schema_migrations"."version" FROM "schema_migrations" ORDER BY "schema_migrations"."version" ASC[0m
  
ActiveRecord::PendingMigrationError (

Migrations are pending. To resolve this issue, run:

        bin/rails db:migrate

You have 4 pending migrations:

db/migrate/20240219100641_create_employees.rb
db/migrate/20240219101241_create_statuses.rb
db/migrate/20240219101859_create_active_storage_tables.active_storage.rb
db/migrate/20240219102319_create_tasks.rb


):
  
activerecord (7.1.3) lib/active_record/migration.rb:755:in `check_pending_migrations'
activerecord (7.1.3) lib/active_record/migration.rb:644:in `block (2 levels) in call'
activesupport (7.1.3) lib/active_support/file_update_checker.rb:85:in `execute'
activerecord (7.1.3) lib/active_record/migration.rb:649:in `block in call'
activerecord (7.1.3) lib/active_record/migration.rb:641:in `synchronize'
activerecord (7.1.3) lib/active_record/migration.rb:641:in `call'
actionpack (7.1.3) lib/action_dispatch/middleware/callbacks.rb:29:in `block in call'
activesupport (7.1.3) lib/active_support/callbacks.rb:101:in `run_callbacks'
actionpack (7.1.3) lib/action_dispatch/middleware/callbacks.rb:28:in `call'
actionpack (7.1.3) lib/action_dispatch/middleware/executor.rb:14:in `call'
actionpack (7.1.3) lib/action_dispatch/middleware/actionable_exceptions.rb:16:in `call'
actionpack (7.1.3) lib/action_dispatch/middleware/debug_exceptions.rb:29:in `call'
web-console (4.2.1) lib/web_console/middleware.rb:132:in `call_app'
web-console (4.2.1) lib/web_console/middleware.rb:28:in `block in call'
web-console (4.2.1) lib/web_console/middleware.rb:17:in `catch'
web-console (4.2.1) lib/web_console/middleware.rb:17:in `call'
actionpack (7.1.3) lib/action_dispatch/middleware/show_exceptions.rb:31:in `call'
railties (7.1.3) lib/rails/rack/logger.rb:37:in `call_app'
railties (7.1.3) lib/rails/rack/logger.rb:24:in `block in call'
activesupport (7.1.3) lib/active_support/tagged_logging.rb:135:in `block in tagged'
activesupport (7.1.3) lib/active_support/tagged_logging.rb:39:in `tagged'
activesupport (7.1.3) lib/active_support/tagged_logging.rb:135:in `tagged'
activesupport (7.1.3) lib/active_support/broadcast_logger.rb:240:in `method_missing'
railties (7.1.3) lib/rails/rack/logger.rb:24:in `call'
sprockets-rails (3.4.2) lib/sprockets/rails/quiet_assets.rb:13:in `call'
actionpack (7.1.3) lib/action_dispatch/middleware/remote_ip.rb:92:in `call'
actionpack (7.1.3) lib/action_dispatch/middleware/request_id.rb:28:in `call'
rack (3.0.9) lib/rack/method_override.rb:28:in `call'
rack (3.0.9) lib/rack/runtime.rb:24:in `call'
activesupport (7.1.3) lib/active_support/cache/strategy/local_cache_middleware.rb:29:in `call'
actionpack (7.1.3) lib/action_dispatch/middleware/server_timing.rb:59:in `block in call'
actionpack (7.1.3) lib/action_dispatch/middleware/server_timing.rb:24:in `collect_events'
actionpack (7.1.3) lib/action_dispatch/middleware/server_timing.rb:58:in `call'
actionpack (7.1.3) lib/action_dispatch/middleware/executor.rb:14:in `call'
actionpack (7.1.3) lib/action_dispatch/middleware/static.rb:25:in `call'
rack (3.0.9) lib/rack/sendfile.rb:114:in `call'
actionpack (7.1.3) lib/action_dispatch/middleware/host_authorization.rb:141:in `call'
railties (7.1.3) lib/rails/engine.rb:536:in `call'
puma (6.4.2) lib/puma/configuration.rb:272:in `call'
puma (6.4.2) lib/puma/request.rb:100:in `block in handle_request'
puma (6.4.2) lib/puma/thread_pool.rb:378:in `with_force_shutdown'
puma (6.4.2) lib/puma/request.rb:99:in `handle_request'
puma (6.4.2) lib/puma/server.rb:464:in `process_client'
puma (6.4.2) lib/puma/server.rb:245:in `block in run'
puma (6.4.2) lib/puma/thread_pool.rb:155:in `block in spawn_thread'
  [1m[36mActiveRecord::InternalMetadata Load (0.3ms)[0m  [1m[34mSELECT * FROM "ar_internal_metadata" WHERE "ar_internal_metadata"."key" = ? ORDER BY "ar_internal_metadata"."key" ASC LIMIT 1[0m  [[nil, "environment"]]
  [1m[36mActiveRecord::SchemaMigration Load (0.2ms)[0m  [1m[34mSELECT "schema_migrations"."version" FROM "schema_migrations" ORDER BY "schema_migrations"."version" ASC[0m
Migrating to CreateEmployees (20240219100641)
  [1m[36mTRANSACTION (0.4ms)[0m  [1m[36mbegin transaction[0m
  [1m[35m (6.0ms)[0m  [1m[35mCREATE TABLE "employees" ("id" integer PRIMARY KEY AUTOINCREMENT NOT NULL, "first_name" varchar, "last_name" varchar, "email" varchar, "password_digest" varchar, "admin" boolean, "created_at" datetime(6) NOT NULL, "updated_at" datetime(6) NOT NULL)[0m
  [1m[36mActiveRecord::SchemaMigration Create (0.9ms)[0m  [1m[32mINSERT INTO "schema_migrations" ("version") VALUES ('20240219100641') RETURNING "version"[0m
  [1m[36mTRANSACTION (53.8ms)[0m  [1m[36mcommit transaction[0m
Migrating to CreateStatuses (20240219101241)
  [1m[36mTRANSACTION (0.1ms)[0m  [1m[36mbegin transaction[0m
  [1m[35m (31.2ms)[0m  [1m[35mCREATE TABLE "statuses" ("id" integer PRIMARY KEY AUTOINCREMENT NOT NULL, "github_pr_link" varchar, "date" datetime(6), "remarks" varchar, "created_at" datetime(6) NOT NULL, "updated_at" datetime(6) NOT NULL)[0m
  [1m[36mActiveRecord::SchemaMigration Create (0.2ms)[0m  [1m[32mINSERT INTO "schema_migrations" ("version") VALUES ('20240219101241') RETURNING "version"[0m
  [1m[36mTRANSACTION (0.3ms)[0m  [1m[36mcommit transaction[0m
Migrating to CreateActiveStorageTables (20240219101859)
  [1m[36mTRANSACTION (0.1ms)[0m  [1m[36mbegin transaction[0m
  [1m[35m (4.7ms)[0m  [1m[35mCREATE TABLE "active_storage_blobs" ("id" integer PRIMARY KEY AUTOINCREMENT NOT NULL, "key" varchar NOT NULL, "filename" varchar NOT NULL, "content_type" varchar, "metadata" text, "service_name" varchar NOT NULL, "byte_size" bigint NOT NULL, "checksum" varchar, "created_at" datetime(6) NOT NULL)[0m
  [1m[35m (0.3ms)[0m  [1m[35mCREATE UNIQUE INDEX "index_active_storage_blobs_on_key" ON "active_storage_blobs" ("key")[0m
  [1m[35m (0.3ms)[0m  [1m[35mCREATE TABLE "active_storage_attachments" ("id" integer PRIMARY KEY AUTOINCREMENT NOT NULL, "name" varchar NOT NULL, "record_type" varchar NOT NULL, "record_id" bigint NOT NULL, "blob_id" bigint NOT NULL, "created_at" datetime(6) NOT NULL, CONSTRAINT "fk_rails_c3b3935057"
FOREIGN KEY ("blob_id")
  REFERENCES "active_storage_blobs" ("id")
)[0m
  [1m[35m (0.2ms)[0m  [1m[35mCREATE INDEX "index_active_storage_attachments_on_blob_id" ON "active_storage_attachments" ("blob_id")[0m
  [1m[35m (0.2ms)[0m  [1m[35mCREATE UNIQUE INDEX "index_active_storage_attachments_uniqueness" ON "active_storage_attachments" ("record_type", "record_id", "name", "blob_id")[0m
  [1m[35m (0.3ms)[0m  [1m[35mCREATE TABLE "active_storage_variant_records" ("id" integer PRIMARY KEY AUTOINCREMENT NOT NULL, "blob_id" bigint NOT NULL, "variation_digest" varchar NOT NULL, CONSTRAINT "fk_rails_993965df05"
FOREIGN KEY ("blob_id")
  REFERENCES "active_storage_blobs" ("id")
)[0m
  [1m[35m (0.6ms)[0m  [1m[35mCREATE UNIQUE INDEX "index_active_storage_variant_records_uniqueness" ON "active_storage_variant_records" ("blob_id", "variation_digest")[0m
  [1m[36mActiveRecord::SchemaMigration Create (0.2ms)[0m  [1m[32mINSERT INTO "schema_migrations" ("version") VALUES ('20240219101859') RETURNING "version"[0m
  [1m[36mTRANSACTION (8.1ms)[0m  [1m[36mcommit transaction[0m
Migrating to CreateTasks (20240219102319)
  [1m[36mTRANSACTION (0.1ms)[0m  [1m[36mbegin transaction[0m
  [1m[35m (8.0ms)[0m  [1m[35mCREATE TABLE "tasks" ("id" integer PRIMARY KEY AUTOINCREMENT NOT NULL, "start_time" datetime(6), "end_time" datetime(6), "title" varchar, "description" text, "status_id" integer NOT NULL, "created_at" datetime(6) NOT NULL, "updated_at" datetime(6) NOT NULL, CONSTRAINT "fk_rails_dce14077b1"
FOREIGN KEY ("status_id")
  REFERENCES "statuses" ("id")
)[0m
  [1m[35m (0.3ms)[0m  [1m[35mCREATE INDEX "index_tasks_on_status_id" ON "tasks" ("status_id")[0m
  [1m[36mActiveRecord::SchemaMigration Create (0.3ms)[0m  [1m[32mINSERT INTO "schema_migrations" ("version") VALUES ('20240219102319') RETURNING "version"[0m
  [1m[36mTRANSACTION (0.4ms)[0m  [1m[36mcommit transaction[0m
  [1m[36mActiveRecord::SchemaMigration Load (0.2ms)[0m  [1m[34mSELECT "schema_migrations"."version" FROM "schema_migrations" ORDER BY "schema_migrations"."version" ASC[0m
Started GET "/" for ::1 at 2024-02-19 16:44:47 +0530
  [1m[36mActiveRecord::SchemaMigration Load (0.2ms)[0m  [1m[34mSELECT "schema_migrations"."version" FROM "schema_migrations" ORDER BY "schema_migrations"."version" ASC[0m
Processing by Rails::WelcomeController#index as HTML
  Rendering C:/Ruby33-x64/lib/ruby/gems/3.3.0/gems/railties-7.1.3/lib/rails/templates/rails/welcome/index.html.erb
  Rendered C:/Ruby33-x64/lib/ruby/gems/3.3.0/gems/railties-7.1.3/lib/rails/templates/rails/welcome/index.html.erb (Duration: 3.2ms | Allocations: 375)
Completed 200 OK in 504ms (Views: 30.9ms | ActiveRecord: 0.0ms | Allocations: 5589)


Started GET "/employee" for ::1 at 2024-02-19 16:49:15 +0530
  
ActionController::RoutingError (No route matches [GET] "/employee"):
  
Started GET "/employees" for ::1 at 2024-02-19 16:49:18 +0530
Processing by EmployeesController#index as HTML
Completed 406 Not Acceptable in 649ms (ActiveRecord: 0.0ms | Allocations: 12069)


  
ActionController::MissingExactTemplate (EmployeesController#index is missing a template for request formats: text/html):
  
actionpack (7.1.3) lib/action_controller/metal/implicit_render.rb:47:in `default_render'
actionpack (7.1.3) lib/action_controller/metal/basic_implicit_render.rb:7:in `send_action'
actionpack (7.1.3) lib/abstract_controller/base.rb:224:in `process_action'
actionpack (7.1.3) lib/action_controller/metal/rendering.rb:165:in `process_action'
actionpack (7.1.3) lib/abstract_controller/callbacks.rb:259:in `block in process_action'
activesupport (7.1.3) lib/active_support/callbacks.rb:121:in `block in run_callbacks'
turbo-rails (2.0.3) lib/turbo-rails.rb:24:in `with_request_id'
turbo-rails (2.0.3) app/controllers/concerns/turbo/request_id_tracking.rb:10:in `turbo_tracking_request_id'
activesupport (7.1.3) lib/active_support/callbacks.rb:130:in `block in run_callbacks'
actiontext (7.1.3) lib/action_text/rendering.rb:23:in `with_renderer'
actiontext (7.1.3) lib/action_text/engine.rb:69:in `block (4 levels) in <class:Engine>'
activesupport (7.1.3) lib/active_support/callbacks.rb:130:in `instance_exec'
activesupport (7.1.3) lib/active_support/callbacks.rb:130:in `block in run_callbacks'
activesupport (7.1.3) lib/active_support/callbacks.rb:141:in `run_callbacks'
actionpack (7.1.3) lib/abstract_controller/callbacks.rb:258:in `process_action'
actionpack (7.1.3) lib/action_controller/metal/rescue.rb:25:in `process_action'
actionpack (7.1.3) lib/action_controller/metal/instrumentation.rb:74:in `block in process_action'
activesupport (7.1.3) lib/active_support/notifications.rb:206:in `block in instrument'
activesupport (7.1.3) lib/active_support/notifications/instrumenter.rb:58:in `instrument'
activesupport (7.1.3) lib/active_support/notifications.rb:206:in `instrument'
actionpack (7.1.3) lib/action_controller/metal/instrumentation.rb:73:in `process_action'
actionpack (7.1.3) lib/action_controller/metal/params_wrapper.rb:261:in `process_action'
activerecord (7.1.3) lib/active_record/railties/controller_runtime.rb:32:in `process_action'
actionpack (7.1.3) lib/abstract_controller/base.rb:160:in `process'
actionview (7.1.3) lib/action_view/rendering.rb:40:in `process'
actionpack (7.1.3) lib/action_controller/metal.rb:227:in `dispatch'
actionpack (7.1.3) lib/action_controller/metal.rb:309:in `dispatch'
actionpack (7.1.3) lib/action_dispatch/routing/route_set.rb:49:in `dispatch'
actionpack (7.1.3) lib/action_dispatch/routing/route_set.rb:32:in `serve'
actionpack (7.1.3) lib/action_dispatch/journey/router.rb:51:in `block in serve'
actionpack (7.1.3) lib/action_dispatch/journey/router.rb:131:in `block in find_routes'
actionpack (7.1.3) lib/action_dispatch/journey/router.rb:124:in `each'
actionpack (7.1.3) lib/action_dispatch/journey/router.rb:124:in `find_routes'
actionpack (7.1.3) lib/action_dispatch/journey/router.rb:32:in `serve'
actionpack (7.1.3) lib/action_dispatch/routing/route_set.rb:882:in `call'
rack (3.0.9) lib/rack/tempfile_reaper.rb:20:in `call'
rack (3.0.9) lib/rack/etag.rb:29:in `call'
rack (3.0.9) lib/rack/conditional_get.rb:31:in `call'
rack (3.0.9) lib/rack/head.rb:15:in `call'
actionpack (7.1.3) lib/action_dispatch/http/permissions_policy.rb:36:in `call'
actionpack (7.1.3) lib/action_dispatch/http/content_security_policy.rb:33:in `call'
rack-session (2.0.0) lib/rack/session/abstract/id.rb:272:in `context'
rack-session (2.0.0) lib/rack/session/abstract/id.rb:266:in `call'
actionpack (7.1.3) lib/action_dispatch/middleware/cookies.rb:689:in `call'
activerecord (7.1.3) lib/active_record/migration.rb:655:in `call'
actionpack (7.1.3) lib/action_dispatch/middleware/callbacks.rb:29:in `block in call'
activesupport (7.1.3) lib/active_support/callbacks.rb:101:in `run_callbacks'
actionpack (7.1.3) lib/action_dispatch/middleware/callbacks.rb:28:in `call'
actionpack (7.1.3) lib/action_dispatch/middleware/executor.rb:14:in `call'
actionpack (7.1.3) lib/action_dispatch/middleware/actionable_exceptions.rb:16:in `call'
actionpack (7.1.3) lib/action_dispatch/middleware/debug_exceptions.rb:29:in `call'
web-console (4.2.1) lib/web_console/middleware.rb:132:in `call_app'
web-console (4.2.1) lib/web_console/middleware.rb:28:in `block in call'
web-console (4.2.1) lib/web_console/middleware.rb:17:in `catch'
web-console (4.2.1) lib/web_console/middleware.rb:17:in `call'
actionpack (7.1.3) lib/action_dispatch/middleware/show_exceptions.rb:31:in `call'
railties (7.1.3) lib/rails/rack/logger.rb:37:in `call_app'
railties (7.1.3) lib/rails/rack/logger.rb:24:in `block in call'
activesupport (7.1.3) lib/active_support/tagged_logging.rb:135:in `block in tagged'
activesupport (7.1.3) lib/active_support/tagged_logging.rb:39:in `tagged'
activesupport (7.1.3) lib/active_support/tagged_logging.rb:135:in `tagged'
activesupport (7.1.3) lib/active_support/broadcast_logger.rb:240:in `method_missing'
railties (7.1.3) lib/rails/rack/logger.rb:24:in `call'
sprockets-rails (3.4.2) lib/sprockets/rails/quiet_assets.rb:13:in `call'
actionpack (7.1.3) lib/action_dispatch/middleware/remote_ip.rb:92:in `call'
actionpack (7.1.3) lib/action_dispatch/middleware/request_id.rb:28:in `call'
rack (3.0.9) lib/rack/method_override.rb:28:in `call'
rack (3.0.9) lib/rack/runtime.rb:24:in `call'
activesupport (7.1.3) lib/active_support/cache/strategy/local_cache_middleware.rb:29:in `call'
actionpack (7.1.3) lib/action_dispatch/middleware/server_timing.rb:59:in `block in call'
actionpack (7.1.3) lib/action_dispatch/middleware/server_timing.rb:24:in `collect_events'
actionpack (7.1.3) lib/action_dispatch/middleware/server_timing.rb:58:in `call'
actionpack (7.1.3) lib/action_dispatch/middleware/executor.rb:14:in `call'
actionpack (7.1.3) lib/action_dispatch/middleware/static.rb:25:in `call'
rack (3.0.9) lib/rack/sendfile.rb:114:in `call'
actionpack (7.1.3) lib/action_dispatch/middleware/host_authorization.rb:141:in `call'
railties (7.1.3) lib/rails/engine.rb:536:in `call'
puma (6.4.2) lib/puma/configuration.rb:272:in `call'
puma (6.4.2) lib/puma/request.rb:100:in `block in handle_request'
puma (6.4.2) lib/puma/thread_pool.rb:378:in `with_force_shutdown'
puma (6.4.2) lib/puma/request.rb:99:in `handle_request'
puma (6.4.2) lib/puma/server.rb:464:in `process_client'
puma (6.4.2) lib/puma/server.rb:245:in `block in run'
puma (6.4.2) lib/puma/thread_pool.rb:155:in `block in spawn_thread'
Started GET "/employees/" for ::1 at 2024-02-19 17:14:54 +0530
  [1m[36mActiveRecord::SchemaMigration Load (0.4ms)[0m  [1m[34mSELECT "schema_migrations"."version" FROM "schema_migrations" ORDER BY "schema_migrations"."version" ASC[0m
Processing by EmployeesController#index as HTML
Completed 500 Internal Server Error in 1768ms (ActiveRecord: 0.0ms | Allocations: 1421)


  
NameError (undefined local variable or method `current_user' for an instance of EmployeesController):
  
app/controllers/employees_controller.rb:67:in `require_admin'
Started GET "/employees/" for ::1 at 2024-02-19 17:16:10 +0530
Processing by EmployeesController#index as HTML
Completed 500 Internal Server Error in 15ms (ActiveRecord: 0.0ms | Allocations: 546)


  
NameError (undefined local variable or method `current_employee' for an instance of EmployeesController):
  
app/controllers/employees_controller.rb:67:in `require_admin'
Started GET "/employees/" for ::1 at 2024-02-19 17:16:55 +0530
Processing by EmployeesController#index as HTML
Completed 500 Internal Server Error in 15ms (ActiveRecord: 0.0ms | Allocations: 545)


  
NameError (undefined local variable or method `current_employee' for an instance of EmployeesController):
  
app/controllers/employees_controller.rb:67:in `require_admin'
Started GET "/employees/" for ::1 at 2024-02-19 17:18:06 +0530
Processing by EmployeesController#index as HTML
Completed 406 Not Acceptable in 347ms (ActiveRecord: 0.0ms | Allocations: 8342)


  
ActionController::MissingExactTemplate (EmployeesController#index is missing a template for request formats: text/html):
  
actionpack (7.1.3) lib/action_controller/metal/implicit_render.rb:47:in `default_render'
actionpack (7.1.3) lib/action_controller/metal/basic_implicit_render.rb:7:in `send_action'
actionpack (7.1.3) lib/abstract_controller/base.rb:224:in `process_action'
actionpack (7.1.3) lib/action_controller/metal/rendering.rb:165:in `process_action'
actionpack (7.1.3) lib/abstract_controller/callbacks.rb:259:in `block in process_action'
activesupport (7.1.3) lib/active_support/callbacks.rb:121:in `block in run_callbacks'
turbo-rails (2.0.3) lib/turbo-rails.rb:24:in `with_request_id'
turbo-rails (2.0.3) app/controllers/concerns/turbo/request_id_tracking.rb:10:in `turbo_tracking_request_id'
activesupport (7.1.3) lib/active_support/callbacks.rb:130:in `block in run_callbacks'
actiontext (7.1.3) lib/action_text/rendering.rb:23:in `with_renderer'
actiontext (7.1.3) lib/action_text/engine.rb:69:in `block (4 levels) in <class:Engine>'
activesupport (7.1.3) lib/active_support/callbacks.rb:130:in `instance_exec'
activesupport (7.1.3) lib/active_support/callbacks.rb:130:in `block in run_callbacks'
activesupport (7.1.3) lib/active_support/callbacks.rb:141:in `run_callbacks'
actionpack (7.1.3) lib/abstract_controller/callbacks.rb:258:in `process_action'
actionpack (7.1.3) lib/action_controller/metal/rescue.rb:25:in `process_action'
actionpack (7.1.3) lib/action_controller/metal/instrumentation.rb:74:in `block in process_action'
activesupport (7.1.3) lib/active_support/notifications.rb:206:in `block in instrument'
activesupport (7.1.3) lib/active_support/notifications/instrumenter.rb:58:in `instrument'
activesupport (7.1.3) lib/active_support/notifications.rb:206:in `instrument'
actionpack (7.1.3) lib/action_controller/metal/instrumentation.rb:73:in `process_action'
actionpack (7.1.3) lib/action_controller/metal/params_wrapper.rb:261:in `process_action'
activerecord (7.1.3) lib/active_record/railties/controller_runtime.rb:32:in `process_action'
actionpack (7.1.3) lib/abstract_controller/base.rb:160:in `process'
actionview (7.1.3) lib/action_view/rendering.rb:40:in `process'
actionpack (7.1.3) lib/action_controller/metal.rb:227:in `dispatch'
actionpack (7.1.3) lib/action_controller/metal.rb:309:in `dispatch'
actionpack (7.1.3) lib/action_dispatch/routing/route_set.rb:49:in `dispatch'
actionpack (7.1.3) lib/action_dispatch/routing/route_set.rb:32:in `serve'
actionpack (7.1.3) lib/action_dispatch/journey/router.rb:51:in `block in serve'
actionpack (7.1.3) lib/action_dispatch/journey/router.rb:131:in `block in find_routes'
actionpack (7.1.3) lib/action_dispatch/journey/router.rb:124:in `each'
actionpack (7.1.3) lib/action_dispatch/journey/router.rb:124:in `find_routes'
actionpack (7.1.3) lib/action_dispatch/journey/router.rb:32:in `serve'
actionpack (7.1.3) lib/action_dispatch/routing/route_set.rb:882:in `call'
rack (3.0.9) lib/rack/tempfile_reaper.rb:20:in `call'
rack (3.0.9) lib/rack/etag.rb:29:in `call'
rack (3.0.9) lib/rack/conditional_get.rb:31:in `call'
rack (3.0.9) lib/rack/head.rb:15:in `call'
actionpack (7.1.3) lib/action_dispatch/http/permissions_policy.rb:36:in `call'
actionpack (7.1.3) lib/action_dispatch/http/content_security_policy.rb:33:in `call'
rack-session (2.0.0) lib/rack/session/abstract/id.rb:272:in `context'
rack-session (2.0.0) lib/rack/session/abstract/id.rb:266:in `call'
actionpack (7.1.3) lib/action_dispatch/middleware/cookies.rb:689:in `call'
activerecord (7.1.3) lib/active_record/migration.rb:655:in `call'
actionpack (7.1.3) lib/action_dispatch/middleware/callbacks.rb:29:in `block in call'
activesupport (7.1.3) lib/active_support/callbacks.rb:101:in `run_callbacks'
actionpack (7.1.3) lib/action_dispatch/middleware/callbacks.rb:28:in `call'
actionpack (7.1.3) lib/action_dispatch/middleware/executor.rb:14:in `call'
actionpack (7.1.3) lib/action_dispatch/middleware/actionable_exceptions.rb:16:in `call'
actionpack (7.1.3) lib/action_dispatch/middleware/debug_exceptions.rb:29:in `call'
web-console (4.2.1) lib/web_console/middleware.rb:132:in `call_app'
web-console (4.2.1) lib/web_console/middleware.rb:28:in `block in call'
web-console (4.2.1) lib/web_console/middleware.rb:17:in `catch'
web-console (4.2.1) lib/web_console/middleware.rb:17:in `call'
actionpack (7.1.3) lib/action_dispatch/middleware/show_exceptions.rb:31:in `call'
railties (7.1.3) lib/rails/rack/logger.rb:37:in `call_app'
railties (7.1.3) lib/rails/rack/logger.rb:24:in `block in call'
activesupport (7.1.3) lib/active_support/tagged_logging.rb:135:in `block in tagged'
activesupport (7.1.3) lib/active_support/tagged_logging.rb:39:in `tagged'
activesupport (7.1.3) lib/active_support/tagged_logging.rb:135:in `tagged'
activesupport (7.1.3) lib/active_support/broadcast_logger.rb:240:in `method_missing'
railties (7.1.3) lib/rails/rack/logger.rb:24:in `call'
sprockets-rails (3.4.2) lib/sprockets/rails/quiet_assets.rb:13:in `call'
actionpack (7.1.3) lib/action_dispatch/middleware/remote_ip.rb:92:in `call'
actionpack (7.1.3) lib/action_dispatch/middleware/request_id.rb:28:in `call'
rack (3.0.9) lib/rack/method_override.rb:28:in `call'
rack (3.0.9) lib/rack/runtime.rb:24:in `call'
activesupport (7.1.3) lib/active_support/cache/strategy/local_cache_middleware.rb:29:in `call'
actionpack (7.1.3) lib/action_dispatch/middleware/server_timing.rb:59:in `block in call'
actionpack (7.1.3) lib/action_dispatch/middleware/server_timing.rb:24:in `collect_events'
actionpack (7.1.3) lib/action_dispatch/middleware/server_timing.rb:58:in `call'
actionpack (7.1.3) lib/action_dispatch/middleware/executor.rb:14:in `call'
actionpack (7.1.3) lib/action_dispatch/middleware/static.rb:25:in `call'
rack (3.0.9) lib/rack/sendfile.rb:114:in `call'
actionpack (7.1.3) lib/action_dispatch/middleware/host_authorization.rb:141:in `call'
railties (7.1.3) lib/rails/engine.rb:536:in `call'
puma (6.4.2) lib/puma/configuration.rb:272:in `call'
puma (6.4.2) lib/puma/request.rb:100:in `block in handle_request'
puma (6.4.2) lib/puma/thread_pool.rb:378:in `with_force_shutdown'
puma (6.4.2) lib/puma/request.rb:99:in `handle_request'
puma (6.4.2) lib/puma/server.rb:464:in `process_client'
puma (6.4.2) lib/puma/server.rb:245:in `block in run'
puma (6.4.2) lib/puma/thread_pool.rb:155:in `block in spawn_thread'
Started GET "/employees/iindex.html" for ::1 at 2024-02-19 17:18:20 +0530
Processing by EmployeesController#show as HTML
  Parameters: {"id"=>"iindex"}
  [1m[36mEmployee Load (0.3ms)[0m  [1m[34mSELECT "employees".* FROM "employees" WHERE "employees"."id" = ? LIMIT ?[0m  [["id", nil], ["LIMIT", 1]]
  ↳ app/controllers/employees_controller.rb:62:in `set_employee'
Completed 404 Not Found in 137ms (ActiveRecord: 28.9ms | Allocations: 4616)


  
ActiveRecord::RecordNotFound (Couldn't find Employee with 'id'=iindex):
  
app/controllers/employees_controller.rb:62:in `set_employee'
Started GET "/employees" for ::1 at 2024-02-19 17:18:51 +0530
Processing by EmployeesController#index as HTML
Completed 406 Not Acceptable in 12ms (ActiveRecord: 0.0ms | Allocations: 568)


  
ActionController::MissingExactTemplate (EmployeesController#index is missing a template for request formats: text/html):
  
actionpack (7.1.3) lib/action_controller/metal/implicit_render.rb:47:in `default_render'
actionpack (7.1.3) lib/action_controller/metal/basic_implicit_render.rb:7:in `send_action'
actionpack (7.1.3) lib/abstract_controller/base.rb:224:in `process_action'
actionpack (7.1.3) lib/action_controller/metal/rendering.rb:165:in `process_action'
actionpack (7.1.3) lib/abstract_controller/callbacks.rb:259:in `block in process_action'
activesupport (7.1.3) lib/active_support/callbacks.rb:121:in `block in run_callbacks'
turbo-rails (2.0.3) lib/turbo-rails.rb:24:in `with_request_id'
turbo-rails (2.0.3) app/controllers/concerns/turbo/request_id_tracking.rb:10:in `turbo_tracking_request_id'
activesupport (7.1.3) lib/active_support/callbacks.rb:130:in `block in run_callbacks'
actiontext (7.1.3) lib/action_text/rendering.rb:23:in `with_renderer'
actiontext (7.1.3) lib/action_text/engine.rb:69:in `block (4 levels) in <class:Engine>'
activesupport (7.1.3) lib/active_support/callbacks.rb:130:in `instance_exec'
activesupport (7.1.3) lib/active_support/callbacks.rb:130:in `block in run_callbacks'
activesupport (7.1.3) lib/active_support/callbacks.rb:141:in `run_callbacks'
actionpack (7.1.3) lib/abstract_controller/callbacks.rb:258:in `process_action'
actionpack (7.1.3) lib/action_controller/metal/rescue.rb:25:in `process_action'
actionpack (7.1.3) lib/action_controller/metal/instrumentation.rb:74:in `block in process_action'
activesupport (7.1.3) lib/active_support/notifications.rb:206:in `block in instrument'
activesupport (7.1.3) lib/active_support/notifications/instrumenter.rb:58:in `instrument'
activesupport (7.1.3) lib/active_support/notifications.rb:206:in `instrument'
actionpack (7.1.3) lib/action_controller/metal/instrumentation.rb:73:in `process_action'
actionpack (7.1.3) lib/action_controller/metal/params_wrapper.rb:261:in `process_action'
activerecord (7.1.3) lib/active_record/railties/controller_runtime.rb:32:in `process_action'
actionpack (7.1.3) lib/abstract_controller/base.rb:160:in `process'
actionview (7.1.3) lib/action_view/rendering.rb:40:in `process'
actionpack (7.1.3) lib/action_controller/metal.rb:227:in `dispatch'
actionpack (7.1.3) lib/action_controller/metal.rb:309:in `dispatch'
actionpack (7.1.3) lib/action_dispatch/routing/route_set.rb:49:in `dispatch'
actionpack (7.1.3) lib/action_dispatch/routing/route_set.rb:32:in `serve'
actionpack (7.1.3) lib/action_dispatch/journey/router.rb:51:in `block in serve'
actionpack (7.1.3) lib/action_dispatch/journey/router.rb:131:in `block in find_routes'
actionpack (7.1.3) lib/action_dispatch/journey/router.rb:124:in `each'
actionpack (7.1.3) lib/action_dispatch/journey/router.rb:124:in `find_routes'
actionpack (7.1.3) lib/action_dispatch/journey/router.rb:32:in `serve'
actionpack (7.1.3) lib/action_dispatch/routing/route_set.rb:882:in `call'
rack (3.0.9) lib/rack/tempfile_reaper.rb:20:in `call'
rack (3.0.9) lib/rack/etag.rb:29:in `call'
rack (3.0.9) lib/rack/conditional_get.rb:31:in `call'
rack (3.0.9) lib/rack/head.rb:15:in `call'
actionpack (7.1.3) lib/action_dispatch/http/permissions_policy.rb:36:in `call'
actionpack (7.1.3) lib/action_dispatch/http/content_security_policy.rb:33:in `call'
rack-session (2.0.0) lib/rack/session/abstract/id.rb:272:in `context'
rack-session (2.0.0) lib/rack/session/abstract/id.rb:266:in `call'
actionpack (7.1.3) lib/action_dispatch/middleware/cookies.rb:689:in `call'
activerecord (7.1.3) lib/active_record/migration.rb:655:in `call'
actionpack (7.1.3) lib/action_dispatch/middleware/callbacks.rb:29:in `block in call'
activesupport (7.1.3) lib/active_support/callbacks.rb:101:in `run_callbacks'
actionpack (7.1.3) lib/action_dispatch/middleware/callbacks.rb:28:in `call'
actionpack (7.1.3) lib/action_dispatch/middleware/executor.rb:14:in `call'
actionpack (7.1.3) lib/action_dispatch/middleware/actionable_exceptions.rb:16:in `call'
actionpack (7.1.3) lib/action_dispatch/middleware/debug_exceptions.rb:29:in `call'
web-console (4.2.1) lib/web_console/middleware.rb:132:in `call_app'
web-console (4.2.1) lib/web_console/middleware.rb:28:in `block in call'
web-console (4.2.1) lib/web_console/middleware.rb:17:in `catch'
web-console (4.2.1) lib/web_console/middleware.rb:17:in `call'
actionpack (7.1.3) lib/action_dispatch/middleware/show_exceptions.rb:31:in `call'
railties (7.1.3) lib/rails/rack/logger.rb:37:in `call_app'
railties (7.1.3) lib/rails/rack/logger.rb:24:in `block in call'
activesupport (7.1.3) lib/active_support/tagged_logging.rb:135:in `block in tagged'
activesupport (7.1.3) lib/active_support/tagged_logging.rb:39:in `tagged'
activesupport (7.1.3) lib/active_support/tagged_logging.rb:135:in `tagged'
activesupport (7.1.3) lib/active_support/broadcast_logger.rb:240:in `method_missing'
railties (7.1.3) lib/rails/rack/logger.rb:24:in `call'
sprockets-rails (3.4.2) lib/sprockets/rails/quiet_assets.rb:13:in `call'
actionpack (7.1.3) lib/action_dispatch/middleware/remote_ip.rb:92:in `call'
actionpack (7.1.3) lib/action_dispatch/middleware/request_id.rb:28:in `call'
rack (3.0.9) lib/rack/method_override.rb:28:in `call'
rack (3.0.9) lib/rack/runtime.rb:24:in `call'
activesupport (7.1.3) lib/active_support/cache/strategy/local_cache_middleware.rb:29:in `call'
actionpack (7.1.3) lib/action_dispatch/middleware/server_timing.rb:59:in `block in call'
actionpack (7.1.3) lib/action_dispatch/middleware/server_timing.rb:24:in `collect_events'
actionpack (7.1.3) lib/action_dispatch/middleware/server_timing.rb:58:in `call'
actionpack (7.1.3) lib/action_dispatch/middleware/executor.rb:14:in `call'
actionpack (7.1.3) lib/action_dispatch/middleware/static.rb:25:in `call'
rack (3.0.9) lib/rack/sendfile.rb:114:in `call'
actionpack (7.1.3) lib/action_dispatch/middleware/host_authorization.rb:141:in `call'
railties (7.1.3) lib/rails/engine.rb:536:in `call'
puma (6.4.2) lib/puma/configuration.rb:272:in `call'
puma (6.4.2) lib/puma/request.rb:100:in `block in handle_request'
puma (6.4.2) lib/puma/thread_pool.rb:378:in `with_force_shutdown'
puma (6.4.2) lib/puma/request.rb:99:in `handle_request'
puma (6.4.2) lib/puma/server.rb:464:in `process_client'
puma (6.4.2) lib/puma/server.rb:245:in `block in run'
puma (6.4.2) lib/puma/thread_pool.rb:155:in `block in spawn_thread'
Started GET "/employees" for ::1 at 2024-02-19 17:19:53 +0530
Processing by EmployeesController#index as HTML
Completed 406 Not Acceptable in 68ms (ActiveRecord: 0.0ms | Allocations: 2078)


  
ActionController::MissingExactTemplate (EmployeesController#index is missing a template for request formats: text/html):
  
actionpack (7.1.3) lib/action_controller/metal/implicit_render.rb:47:in `default_render'
actionpack (7.1.3) lib/action_controller/metal/basic_implicit_render.rb:7:in `send_action'
actionpack (7.1.3) lib/abstract_controller/base.rb:224:in `process_action'
actionpack (7.1.3) lib/action_controller/metal/rendering.rb:165:in `process_action'
actionpack (7.1.3) lib/abstract_controller/callbacks.rb:259:in `block in process_action'
activesupport (7.1.3) lib/active_support/callbacks.rb:121:in `block in run_callbacks'
turbo-rails (2.0.3) lib/turbo-rails.rb:24:in `with_request_id'
turbo-rails (2.0.3) app/controllers/concerns/turbo/request_id_tracking.rb:10:in `turbo_tracking_request_id'
activesupport (7.1.3) lib/active_support/callbacks.rb:130:in `block in run_callbacks'
actiontext (7.1.3) lib/action_text/rendering.rb:23:in `with_renderer'
actiontext (7.1.3) lib/action_text/engine.rb:69:in `block (4 levels) in <class:Engine>'
activesupport (7.1.3) lib/active_support/callbacks.rb:130:in `instance_exec'
activesupport (7.1.3) lib/active_support/callbacks.rb:130:in `block in run_callbacks'
activesupport (7.1.3) lib/active_support/callbacks.rb:141:in `run_callbacks'
actionpack (7.1.3) lib/abstract_controller/callbacks.rb:258:in `process_action'
actionpack (7.1.3) lib/action_controller/metal/rescue.rb:25:in `process_action'
actionpack (7.1.3) lib/action_controller/metal/instrumentation.rb:74:in `block in process_action'
activesupport (7.1.3) lib/active_support/notifications.rb:206:in `block in instrument'
activesupport (7.1.3) lib/active_support/notifications/instrumenter.rb:58:in `instrument'
activesupport (7.1.3) lib/active_support/notifications.rb:206:in `instrument'
actionpack (7.1.3) lib/action_controller/metal/instrumentation.rb:73:in `process_action'
actionpack (7.1.3) lib/action_controller/metal/params_wrapper.rb:261:in `process_action'
activerecord (7.1.3) lib/active_record/railties/controller_runtime.rb:32:in `process_action'
actionpack (7.1.3) lib/abstract_controller/base.rb:160:in `process'
actionview (7.1.3) lib/action_view/rendering.rb:40:in `process'
actionpack (7.1.3) lib/action_controller/metal.rb:227:in `dispatch'
actionpack (7.1.3) lib/action_controller/metal.rb:309:in `dispatch'
actionpack (7.1.3) lib/action_dispatch/routing/route_set.rb:49:in `dispatch'
actionpack (7.1.3) lib/action_dispatch/routing/route_set.rb:32:in `serve'
actionpack (7.1.3) lib/action_dispatch/journey/router.rb:51:in `block in serve'
actionpack (7.1.3) lib/action_dispatch/journey/router.rb:131:in `block in find_routes'
actionpack (7.1.3) lib/action_dispatch/journey/router.rb:124:in `each'
actionpack (7.1.3) lib/action_dispatch/journey/router.rb:124:in `find_routes'
actionpack (7.1.3) lib/action_dispatch/journey/router.rb:32:in `serve'
actionpack (7.1.3) lib/action_dispatch/routing/route_set.rb:882:in `call'
rack (3.0.9) lib/rack/tempfile_reaper.rb:20:in `call'
rack (3.0.9) lib/rack/etag.rb:29:in `call'
rack (3.0.9) lib/rack/conditional_get.rb:31:in `call'
rack (3.0.9) lib/rack/head.rb:15:in `call'
actionpack (7.1.3) lib/action_dispatch/http/permissions_policy.rb:36:in `call'
actionpack (7.1.3) lib/action_dispatch/http/content_security_policy.rb:33:in `call'
rack-session (2.0.0) lib/rack/session/abstract/id.rb:272:in `context'
rack-session (2.0.0) lib/rack/session/abstract/id.rb:266:in `call'
actionpack (7.1.3) lib/action_dispatch/middleware/cookies.rb:689:in `call'
activerecord (7.1.3) lib/active_record/migration.rb:655:in `call'
actionpack (7.1.3) lib/action_dispatch/middleware/callbacks.rb:29:in `block in call'
activesupport (7.1.3) lib/active_support/callbacks.rb:101:in `run_callbacks'
actionpack (7.1.3) lib/action_dispatch/middleware/callbacks.rb:28:in `call'
actionpack (7.1.3) lib/action_dispatch/middleware/executor.rb:14:in `call'
actionpack (7.1.3) lib/action_dispatch/middleware/actionable_exceptions.rb:16:in `call'
actionpack (7.1.3) lib/action_dispatch/middleware/debug_exceptions.rb:29:in `call'
web-console (4.2.1) lib/web_console/middleware.rb:132:in `call_app'
web-console (4.2.1) lib/web_console/middleware.rb:28:in `block in call'
web-console (4.2.1) lib/web_console/middleware.rb:17:in `catch'
web-console (4.2.1) lib/web_console/middleware.rb:17:in `call'
actionpack (7.1.3) lib/action_dispatch/middleware/show_exceptions.rb:31:in `call'
railties (7.1.3) lib/rails/rack/logger.rb:37:in `call_app'
railties (7.1.3) lib/rails/rack/logger.rb:24:in `block in call'
activesupport (7.1.3) lib/active_support/tagged_logging.rb:135:in `block in tagged'
activesupport (7.1.3) lib/active_support/tagged_logging.rb:39:in `tagged'
activesupport (7.1.3) lib/active_support/tagged_logging.rb:135:in `tagged'
activesupport (7.1.3) lib/active_support/broadcast_logger.rb:240:in `method_missing'
railties (7.1.3) lib/rails/rack/logger.rb:24:in `call'
sprockets-rails (3.4.2) lib/sprockets/rails/quiet_assets.rb:13:in `call'
actionpack (7.1.3) lib/action_dispatch/middleware/remote_ip.rb:92:in `call'
actionpack (7.1.3) lib/action_dispatch/middleware/request_id.rb:28:in `call'
rack (3.0.9) lib/rack/method_override.rb:28:in `call'
rack (3.0.9) lib/rack/runtime.rb:24:in `call'
activesupport (7.1.3) lib/active_support/cache/strategy/local_cache_middleware.rb:29:in `call'
actionpack (7.1.3) lib/action_dispatch/middleware/server_timing.rb:59:in `block in call'
actionpack (7.1.3) lib/action_dispatch/middleware/server_timing.rb:24:in `collect_events'
actionpack (7.1.3) lib/action_dispatch/middleware/server_timing.rb:58:in `call'
actionpack (7.1.3) lib/action_dispatch/middleware/executor.rb:14:in `call'
actionpack (7.1.3) lib/action_dispatch/middleware/static.rb:25:in `call'
rack (3.0.9) lib/rack/sendfile.rb:114:in `call'
actionpack (7.1.3) lib/action_dispatch/middleware/host_authorization.rb:141:in `call'
railties (7.1.3) lib/rails/engine.rb:536:in `call'
puma (6.4.2) lib/puma/configuration.rb:272:in `call'
puma (6.4.2) lib/puma/request.rb:100:in `block in handle_request'
puma (6.4.2) lib/puma/thread_pool.rb:378:in `with_force_shutdown'
puma (6.4.2) lib/puma/request.rb:99:in `handle_request'
puma (6.4.2) lib/puma/server.rb:464:in `process_client'
puma (6.4.2) lib/puma/server.rb:245:in `block in run'
puma (6.4.2) lib/puma/thread_pool.rb:155:in `block in spawn_thread'
Started GET "/employees" for ::1 at 2024-02-19 17:20:29 +0530
Processing by EmployeesController#index as HTML
Completed 406 Not Acceptable in 80ms (ActiveRecord: 0.0ms | Allocations: 2076)


  
ActionController::MissingExactTemplate (EmployeesController#index is missing a template for request formats: text/html):
  
actionpack (7.1.3) lib/action_controller/metal/implicit_render.rb:47:in `default_render'
actionpack (7.1.3) lib/action_controller/metal/basic_implicit_render.rb:7:in `send_action'
actionpack (7.1.3) lib/abstract_controller/base.rb:224:in `process_action'
actionpack (7.1.3) lib/action_controller/metal/rendering.rb:165:in `process_action'
actionpack (7.1.3) lib/abstract_controller/callbacks.rb:259:in `block in process_action'
activesupport (7.1.3) lib/active_support/callbacks.rb:121:in `block in run_callbacks'
turbo-rails (2.0.3) lib/turbo-rails.rb:24:in `with_request_id'
turbo-rails (2.0.3) app/controllers/concerns/turbo/request_id_tracking.rb:10:in `turbo_tracking_request_id'
activesupport (7.1.3) lib/active_support/callbacks.rb:130:in `block in run_callbacks'
actiontext (7.1.3) lib/action_text/rendering.rb:23:in `with_renderer'
actiontext (7.1.3) lib/action_text/engine.rb:69:in `block (4 levels) in <class:Engine>'
activesupport (7.1.3) lib/active_support/callbacks.rb:130:in `instance_exec'
activesupport (7.1.3) lib/active_support/callbacks.rb:130:in `block in run_callbacks'
activesupport (7.1.3) lib/active_support/callbacks.rb:141:in `run_callbacks'
actionpack (7.1.3) lib/abstract_controller/callbacks.rb:258:in `process_action'
actionpack (7.1.3) lib/action_controller/metal/rescue.rb:25:in `process_action'
actionpack (7.1.3) lib/action_controller/metal/instrumentation.rb:74:in `block in process_action'
activesupport (7.1.3) lib/active_support/notifications.rb:206:in `block in instrument'
activesupport (7.1.3) lib/active_support/notifications/instrumenter.rb:58:in `instrument'
activesupport (7.1.3) lib/active_support/notifications.rb:206:in `instrument'
actionpack (7.1.3) lib/action_controller/metal/instrumentation.rb:73:in `process_action'
actionpack (7.1.3) lib/action_controller/metal/params_wrapper.rb:261:in `process_action'
activerecord (7.1.3) lib/active_record/railties/controller_runtime.rb:32:in `process_action'
actionpack (7.1.3) lib/abstract_controller/base.rb:160:in `process'
actionview (7.1.3) lib/action_view/rendering.rb:40:in `process'
actionpack (7.1.3) lib/action_controller/metal.rb:227:in `dispatch'
actionpack (7.1.3) lib/action_controller/metal.rb:309:in `dispatch'
actionpack (7.1.3) lib/action_dispatch/routing/route_set.rb:49:in `dispatch'
actionpack (7.1.3) lib/action_dispatch/routing/route_set.rb:32:in `serve'
actionpack (7.1.3) lib/action_dispatch/journey/router.rb:51:in `block in serve'
actionpack (7.1.3) lib/action_dispatch/journey/router.rb:131:in `block in find_routes'
actionpack (7.1.3) lib/action_dispatch/journey/router.rb:124:in `each'
actionpack (7.1.3) lib/action_dispatch/journey/router.rb:124:in `find_routes'
actionpack (7.1.3) lib/action_dispatch/journey/router.rb:32:in `serve'
actionpack (7.1.3) lib/action_dispatch/routing/route_set.rb:882:in `call'
rack (3.0.9) lib/rack/tempfile_reaper.rb:20:in `call'
rack (3.0.9) lib/rack/etag.rb:29:in `call'
rack (3.0.9) lib/rack/conditional_get.rb:31:in `call'
rack (3.0.9) lib/rack/head.rb:15:in `call'
actionpack (7.1.3) lib/action_dispatch/http/permissions_policy.rb:36:in `call'
actionpack (7.1.3) lib/action_dispatch/http/content_security_policy.rb:33:in `call'
rack-session (2.0.0) lib/rack/session/abstract/id.rb:272:in `context'
rack-session (2.0.0) lib/rack/session/abstract/id.rb:266:in `call'
actionpack (7.1.3) lib/action_dispatch/middleware/cookies.rb:689:in `call'
activerecord (7.1.3) lib/active_record/migration.rb:655:in `call'
actionpack (7.1.3) lib/action_dispatch/middleware/callbacks.rb:29:in `block in call'
activesupport (7.1.3) lib/active_support/callbacks.rb:101:in `run_callbacks'
actionpack (7.1.3) lib/action_dispatch/middleware/callbacks.rb:28:in `call'
actionpack (7.1.3) lib/action_dispatch/middleware/executor.rb:14:in `call'
actionpack (7.1.3) lib/action_dispatch/middleware/actionable_exceptions.rb:16:in `call'
actionpack (7.1.3) lib/action_dispatch/middleware/debug_exceptions.rb:29:in `call'
web-console (4.2.1) lib/web_console/middleware.rb:132:in `call_app'
web-console (4.2.1) lib/web_console/middleware.rb:28:in `block in call'
web-console (4.2.1) lib/web_console/middleware.rb:17:in `catch'
web-console (4.2.1) lib/web_console/middleware.rb:17:in `call'
actionpack (7.1.3) lib/action_dispatch/middleware/show_exceptions.rb:31:in `call'
railties (7.1.3) lib/rails/rack/logger.rb:37:in `call_app'
railties (7.1.3) lib/rails/rack/logger.rb:24:in `block in call'
activesupport (7.1.3) lib/active_support/tagged_logging.rb:135:in `block in tagged'
activesupport (7.1.3) lib/active_support/tagged_logging.rb:39:in `tagged'
activesupport (7.1.3) lib/active_support/tagged_logging.rb:135:in `tagged'
activesupport (7.1.3) lib/active_support/broadcast_logger.rb:240:in `method_missing'
railties (7.1.3) lib/rails/rack/logger.rb:24:in `call'
sprockets-rails (3.4.2) lib/sprockets/rails/quiet_assets.rb:13:in `call'
actionpack (7.1.3) lib/action_dispatch/middleware/remote_ip.rb:92:in `call'
actionpack (7.1.3) lib/action_dispatch/middleware/request_id.rb:28:in `call'
rack (3.0.9) lib/rack/method_override.rb:28:in `call'
rack (3.0.9) lib/rack/runtime.rb:24:in `call'
activesupport (7.1.3) lib/active_support/cache/strategy/local_cache_middleware.rb:29:in `call'
actionpack (7.1.3) lib/action_dispatch/middleware/server_timing.rb:59:in `block in call'
actionpack (7.1.3) lib/action_dispatch/middleware/server_timing.rb:24:in `collect_events'
actionpack (7.1.3) lib/action_dispatch/middleware/server_timing.rb:58:in `call'
actionpack (7.1.3) lib/action_dispatch/middleware/executor.rb:14:in `call'
actionpack (7.1.3) lib/action_dispatch/middleware/static.rb:25:in `call'
rack (3.0.9) lib/rack/sendfile.rb:114:in `call'
actionpack (7.1.3) lib/action_dispatch/middleware/host_authorization.rb:141:in `call'
railties (7.1.3) lib/rails/engine.rb:536:in `call'
puma (6.4.2) lib/puma/configuration.rb:272:in `call'
puma (6.4.2) lib/puma/request.rb:100:in `block in handle_request'
puma (6.4.2) lib/puma/thread_pool.rb:378:in `with_force_shutdown'
puma (6.4.2) lib/puma/request.rb:99:in `handle_request'
puma (6.4.2) lib/puma/server.rb:464:in `process_client'
puma (6.4.2) lib/puma/server.rb:245:in `block in run'
puma (6.4.2) lib/puma/thread_pool.rb:155:in `block in spawn_thread'
Started GET "/employees" for ::1 at 2024-02-19 17:20:45 +0530
Processing by EmployeesController#index as HTML
Completed 406 Not Acceptable in 8ms (ActiveRecord: 0.0ms | Allocations: 563)


  
ActionController::MissingExactTemplate (EmployeesController#index is missing a template for request formats: text/html):
  
actionpack (7.1.3) lib/action_controller/metal/implicit_render.rb:47:in `default_render'
actionpack (7.1.3) lib/action_controller/metal/basic_implicit_render.rb:7:in `send_action'
actionpack (7.1.3) lib/abstract_controller/base.rb:224:in `process_action'
actionpack (7.1.3) lib/action_controller/metal/rendering.rb:165:in `process_action'
actionpack (7.1.3) lib/abstract_controller/callbacks.rb:259:in `block in process_action'
activesupport (7.1.3) lib/active_support/callbacks.rb:121:in `block in run_callbacks'
turbo-rails (2.0.3) lib/turbo-rails.rb:24:in `with_request_id'
turbo-rails (2.0.3) app/controllers/concerns/turbo/request_id_tracking.rb:10:in `turbo_tracking_request_id'
activesupport (7.1.3) lib/active_support/callbacks.rb:130:in `block in run_callbacks'
actiontext (7.1.3) lib/action_text/rendering.rb:23:in `with_renderer'
actiontext (7.1.3) lib/action_text/engine.rb:69:in `block (4 levels) in <class:Engine>'
activesupport (7.1.3) lib/active_support/callbacks.rb:130:in `instance_exec'
activesupport (7.1.3) lib/active_support/callbacks.rb:130:in `block in run_callbacks'
activesupport (7.1.3) lib/active_support/callbacks.rb:141:in `run_callbacks'
actionpack (7.1.3) lib/abstract_controller/callbacks.rb:258:in `process_action'
actionpack (7.1.3) lib/action_controller/metal/rescue.rb:25:in `process_action'
actionpack (7.1.3) lib/action_controller/metal/instrumentation.rb:74:in `block in process_action'
activesupport (7.1.3) lib/active_support/notifications.rb:206:in `block in instrument'
activesupport (7.1.3) lib/active_support/notifications/instrumenter.rb:58:in `instrument'
activesupport (7.1.3) lib/active_support/notifications.rb:206:in `instrument'
actionpack (7.1.3) lib/action_controller/metal/instrumentation.rb:73:in `process_action'
actionpack (7.1.3) lib/action_controller/metal/params_wrapper.rb:261:in `process_action'
activerecord (7.1.3) lib/active_record/railties/controller_runtime.rb:32:in `process_action'
actionpack (7.1.3) lib/abstract_controller/base.rb:160:in `process'
actionview (7.1.3) lib/action_view/rendering.rb:40:in `process'
actionpack (7.1.3) lib/action_controller/metal.rb:227:in `dispatch'
actionpack (7.1.3) lib/action_controller/metal.rb:309:in `dispatch'
actionpack (7.1.3) lib/action_dispatch/routing/route_set.rb:49:in `dispatch'
actionpack (7.1.3) lib/action_dispatch/routing/route_set.rb:32:in `serve'
actionpack (7.1.3) lib/action_dispatch/journey/router.rb:51:in `block in serve'
actionpack (7.1.3) lib/action_dispatch/journey/router.rb:131:in `block in find_routes'
actionpack (7.1.3) lib/action_dispatch/journey/router.rb:124:in `each'
actionpack (7.1.3) lib/action_dispatch/journey/router.rb:124:in `find_routes'
actionpack (7.1.3) lib/action_dispatch/journey/router.rb:32:in `serve'
actionpack (7.1.3) lib/action_dispatch/routing/route_set.rb:882:in `call'
rack (3.0.9) lib/rack/tempfile_reaper.rb:20:in `call'
rack (3.0.9) lib/rack/etag.rb:29:in `call'
rack (3.0.9) lib/rack/conditional_get.rb:31:in `call'
rack (3.0.9) lib/rack/head.rb:15:in `call'
actionpack (7.1.3) lib/action_dispatch/http/permissions_policy.rb:36:in `call'
actionpack (7.1.3) lib/action_dispatch/http/content_security_policy.rb:33:in `call'
rack-session (2.0.0) lib/rack/session/abstract/id.rb:272:in `context'
rack-session (2.0.0) lib/rack/session/abstract/id.rb:266:in `call'
actionpack (7.1.3) lib/action_dispatch/middleware/cookies.rb:689:in `call'
activerecord (7.1.3) lib/active_record/migration.rb:655:in `call'
actionpack (7.1.3) lib/action_dispatch/middleware/callbacks.rb:29:in `block in call'
activesupport (7.1.3) lib/active_support/callbacks.rb:101:in `run_callbacks'
actionpack (7.1.3) lib/action_dispatch/middleware/callbacks.rb:28:in `call'
actionpack (7.1.3) lib/action_dispatch/middleware/executor.rb:14:in `call'
actionpack (7.1.3) lib/action_dispatch/middleware/actionable_exceptions.rb:16:in `call'
actionpack (7.1.3) lib/action_dispatch/middleware/debug_exceptions.rb:29:in `call'
web-console (4.2.1) lib/web_console/middleware.rb:132:in `call_app'
web-console (4.2.1) lib/web_console/middleware.rb:28:in `block in call'
web-console (4.2.1) lib/web_console/middleware.rb:17:in `catch'
web-console (4.2.1) lib/web_console/middleware.rb:17:in `call'
actionpack (7.1.3) lib/action_dispatch/middleware/show_exceptions.rb:31:in `call'
railties (7.1.3) lib/rails/rack/logger.rb:37:in `call_app'
railties (7.1.3) lib/rails/rack/logger.rb:24:in `block in call'
activesupport (7.1.3) lib/active_support/tagged_logging.rb:135:in `block in tagged'
activesupport (7.1.3) lib/active_support/tagged_logging.rb:39:in `tagged'
activesupport (7.1.3) lib/active_support/tagged_logging.rb:135:in `tagged'
activesupport (7.1.3) lib/active_support/broadcast_logger.rb:240:in `method_missing'
railties (7.1.3) lib/rails/rack/logger.rb:24:in `call'
sprockets-rails (3.4.2) lib/sprockets/rails/quiet_assets.rb:13:in `call'
actionpack (7.1.3) lib/action_dispatch/middleware/remote_ip.rb:92:in `call'
actionpack (7.1.3) lib/action_dispatch/middleware/request_id.rb:28:in `call'
rack (3.0.9) lib/rack/method_override.rb:28:in `call'
rack (3.0.9) lib/rack/runtime.rb:24:in `call'
activesupport (7.1.3) lib/active_support/cache/strategy/local_cache_middleware.rb:29:in `call'
actionpack (7.1.3) lib/action_dispatch/middleware/server_timing.rb:59:in `block in call'
actionpack (7.1.3) lib/action_dispatch/middleware/server_timing.rb:24:in `collect_events'
actionpack (7.1.3) lib/action_dispatch/middleware/server_timing.rb:58:in `call'
actionpack (7.1.3) lib/action_dispatch/middleware/executor.rb:14:in `call'
actionpack (7.1.3) lib/action_dispatch/middleware/static.rb:25:in `call'
rack (3.0.9) lib/rack/sendfile.rb:114:in `call'
actionpack (7.1.3) lib/action_dispatch/middleware/host_authorization.rb:141:in `call'
railties (7.1.3) lib/rails/engine.rb:536:in `call'
puma (6.4.2) lib/puma/configuration.rb:272:in `call'
puma (6.4.2) lib/puma/request.rb:100:in `block in handle_request'
puma (6.4.2) lib/puma/thread_pool.rb:378:in `with_force_shutdown'
puma (6.4.2) lib/puma/request.rb:99:in `handle_request'
puma (6.4.2) lib/puma/server.rb:464:in `process_client'
puma (6.4.2) lib/puma/server.rb:245:in `block in run'
puma (6.4.2) lib/puma/thread_pool.rb:155:in `block in spawn_thread'
Started GET "/employees" for ::1 at 2024-02-19 17:21:48 +0530
  [1m[36mActiveRecord::SchemaMigration Load (0.3ms)[0m  [1m[34mSELECT "schema_migrations"."version" FROM "schema_migrations" ORDER BY "schema_migrations"."version" ASC[0m
Processing by EmployeesController#index as HTML
Completed 406 Not Acceptable in 166ms (ActiveRecord: 0.0ms | Allocations: 9582)


  
ActionController::MissingExactTemplate (EmployeesController#index is missing a template for request formats: text/html):
  
actionpack (7.1.3) lib/action_controller/metal/implicit_render.rb:47:in `default_render'
actionpack (7.1.3) lib/action_controller/metal/basic_implicit_render.rb:7:in `send_action'
actionpack (7.1.3) lib/abstract_controller/base.rb:224:in `process_action'
actionpack (7.1.3) lib/action_controller/metal/rendering.rb:165:in `process_action'
actionpack (7.1.3) lib/abstract_controller/callbacks.rb:259:in `block in process_action'
activesupport (7.1.3) lib/active_support/callbacks.rb:121:in `block in run_callbacks'
turbo-rails (2.0.3) lib/turbo-rails.rb:24:in `with_request_id'
turbo-rails (2.0.3) app/controllers/concerns/turbo/request_id_tracking.rb:10:in `turbo_tracking_request_id'
activesupport (7.1.3) lib/active_support/callbacks.rb:130:in `block in run_callbacks'
actiontext (7.1.3) lib/action_text/rendering.rb:23:in `with_renderer'
actiontext (7.1.3) lib/action_text/engine.rb:69:in `block (4 levels) in <class:Engine>'
activesupport (7.1.3) lib/active_support/callbacks.rb:130:in `instance_exec'
activesupport (7.1.3) lib/active_support/callbacks.rb:130:in `block in run_callbacks'
activesupport (7.1.3) lib/active_support/callbacks.rb:141:in `run_callbacks'
actionpack (7.1.3) lib/abstract_controller/callbacks.rb:258:in `process_action'
actionpack (7.1.3) lib/action_controller/metal/rescue.rb:25:in `process_action'
actionpack (7.1.3) lib/action_controller/metal/instrumentation.rb:74:in `block in process_action'
activesupport (7.1.3) lib/active_support/notifications.rb:206:in `block in instrument'
activesupport (7.1.3) lib/active_support/notifications/instrumenter.rb:58:in `instrument'
activesupport (7.1.3) lib/active_support/notifications.rb:206:in `instrument'
actionpack (7.1.3) lib/action_controller/metal/instrumentation.rb:73:in `process_action'
actionpack (7.1.3) lib/action_controller/metal/params_wrapper.rb:261:in `process_action'
activerecord (7.1.3) lib/active_record/railties/controller_runtime.rb:32:in `process_action'
actionpack (7.1.3) lib/abstract_controller/base.rb:160:in `process'
actionview (7.1.3) lib/action_view/rendering.rb:40:in `process'
actionpack (7.1.3) lib/action_controller/metal.rb:227:in `dispatch'
actionpack (7.1.3) lib/action_controller/metal.rb:309:in `dispatch'
actionpack (7.1.3) lib/action_dispatch/routing/route_set.rb:49:in `dispatch'
actionpack (7.1.3) lib/action_dispatch/routing/route_set.rb:32:in `serve'
actionpack (7.1.3) lib/action_dispatch/journey/router.rb:51:in `block in serve'
actionpack (7.1.3) lib/action_dispatch/journey/router.rb:131:in `block in find_routes'
actionpack (7.1.3) lib/action_dispatch/journey/router.rb:124:in `each'
actionpack (7.1.3) lib/action_dispatch/journey/router.rb:124:in `find_routes'
actionpack (7.1.3) lib/action_dispatch/journey/router.rb:32:in `serve'
actionpack (7.1.3) lib/action_dispatch/routing/route_set.rb:882:in `call'
rack (3.0.9) lib/rack/tempfile_reaper.rb:20:in `call'
rack (3.0.9) lib/rack/etag.rb:29:in `call'
rack (3.0.9) lib/rack/conditional_get.rb:31:in `call'
rack (3.0.9) lib/rack/head.rb:15:in `call'
actionpack (7.1.3) lib/action_dispatch/http/permissions_policy.rb:36:in `call'
actionpack (7.1.3) lib/action_dispatch/http/content_security_policy.rb:33:in `call'
rack-session (2.0.0) lib/rack/session/abstract/id.rb:272:in `context'
rack-session (2.0.0) lib/rack/session/abstract/id.rb:266:in `call'
actionpack (7.1.3) lib/action_dispatch/middleware/cookies.rb:689:in `call'
activerecord (7.1.3) lib/active_record/migration.rb:655:in `call'
actionpack (7.1.3) lib/action_dispatch/middleware/callbacks.rb:29:in `block in call'
activesupport (7.1.3) lib/active_support/callbacks.rb:101:in `run_callbacks'
actionpack (7.1.3) lib/action_dispatch/middleware/callbacks.rb:28:in `call'
actionpack (7.1.3) lib/action_dispatch/middleware/executor.rb:14:in `call'
actionpack (7.1.3) lib/action_dispatch/middleware/actionable_exceptions.rb:16:in `call'
actionpack (7.1.3) lib/action_dispatch/middleware/debug_exceptions.rb:29:in `call'
web-console (4.2.1) lib/web_console/middleware.rb:132:in `call_app'
web-console (4.2.1) lib/web_console/middleware.rb:28:in `block in call'
web-console (4.2.1) lib/web_console/middleware.rb:17:in `catch'
web-console (4.2.1) lib/web_console/middleware.rb:17:in `call'
actionpack (7.1.3) lib/action_dispatch/middleware/show_exceptions.rb:31:in `call'
railties (7.1.3) lib/rails/rack/logger.rb:37:in `call_app'
railties (7.1.3) lib/rails/rack/logger.rb:24:in `block in call'
activesupport (7.1.3) lib/active_support/tagged_logging.rb:135:in `block in tagged'
activesupport (7.1.3) lib/active_support/tagged_logging.rb:39:in `tagged'
activesupport (7.1.3) lib/active_support/tagged_logging.rb:135:in `tagged'
activesupport (7.1.3) lib/active_support/broadcast_logger.rb:240:in `method_missing'
railties (7.1.3) lib/rails/rack/logger.rb:24:in `call'
sprockets-rails (3.4.2) lib/sprockets/rails/quiet_assets.rb:13:in `call'
actionpack (7.1.3) lib/action_dispatch/middleware/remote_ip.rb:92:in `call'
actionpack (7.1.3) lib/action_dispatch/middleware/request_id.rb:28:in `call'
rack (3.0.9) lib/rack/method_override.rb:28:in `call'
rack (3.0.9) lib/rack/runtime.rb:24:in `call'
activesupport (7.1.3) lib/active_support/cache/strategy/local_cache_middleware.rb:29:in `call'
actionpack (7.1.3) lib/action_dispatch/middleware/server_timing.rb:59:in `block in call'
actionpack (7.1.3) lib/action_dispatch/middleware/server_timing.rb:24:in `collect_events'
actionpack (7.1.3) lib/action_dispatch/middleware/server_timing.rb:58:in `call'
actionpack (7.1.3) lib/action_dispatch/middleware/executor.rb:14:in `call'
actionpack (7.1.3) lib/action_dispatch/middleware/static.rb:25:in `call'
rack (3.0.9) lib/rack/sendfile.rb:114:in `call'
actionpack (7.1.3) lib/action_dispatch/middleware/host_authorization.rb:141:in `call'
railties (7.1.3) lib/rails/engine.rb:536:in `call'
puma (6.4.2) lib/puma/configuration.rb:272:in `call'
puma (6.4.2) lib/puma/request.rb:100:in `block in handle_request'
puma (6.4.2) lib/puma/thread_pool.rb:378:in `with_force_shutdown'
puma (6.4.2) lib/puma/request.rb:99:in `handle_request'
puma (6.4.2) lib/puma/server.rb:464:in `process_client'
puma (6.4.2) lib/puma/server.rb:245:in `block in run'
puma (6.4.2) lib/puma/thread_pool.rb:155:in `block in spawn_thread'
Started GET "/employees" for ::1 at 2024-02-19 17:22:36 +0530
Processing by EmployeesController#index as HTML
  Rendering layout layouts/application.html.erb
  Rendering employees/index.html.erb within layouts/application
  [1m[36mEmployee Load (0.2ms)[0m  [1m[34mSELECT "employees".* FROM "employees"[0m
  ↳ app/views/employees/index.html.erb:14
  Rendered employees/index.html.erb within layouts/application (Duration: 19.8ms | Allocations: 1339)
  Rendered layout layouts/application.html.erb (Duration: 2906.1ms | Allocations: 112200)
Completed 200 OK in 3033ms (Views: 2930.9ms | ActiveRecord: 6.0ms | Allocations: 114550)


Started GET "/employees/new" for ::1 at 2024-02-19 17:23:13 +0530
Processing by EmployeesController#new as HTML
Completed 406 Not Acceptable in 1507ms (ActiveRecord: 0.9ms | Allocations: 27760)


  
ActionController::MissingExactTemplate (EmployeesController#new is missing a template for request formats: text/html):
  
actionpack (7.1.3) lib/action_controller/metal/implicit_render.rb:47:in `default_render'
actionpack (7.1.3) lib/action_controller/metal/basic_implicit_render.rb:7:in `send_action'
actionpack (7.1.3) lib/abstract_controller/base.rb:224:in `process_action'
actionpack (7.1.3) lib/action_controller/metal/rendering.rb:165:in `process_action'
actionpack (7.1.3) lib/abstract_controller/callbacks.rb:259:in `block in process_action'
activesupport (7.1.3) lib/active_support/callbacks.rb:121:in `block in run_callbacks'
turbo-rails (2.0.3) lib/turbo-rails.rb:24:in `with_request_id'
turbo-rails (2.0.3) app/controllers/concerns/turbo/request_id_tracking.rb:10:in `turbo_tracking_request_id'
activesupport (7.1.3) lib/active_support/callbacks.rb:130:in `block in run_callbacks'
actiontext (7.1.3) lib/action_text/rendering.rb:23:in `with_renderer'
actiontext (7.1.3) lib/action_text/engine.rb:69:in `block (4 levels) in <class:Engine>'
activesupport (7.1.3) lib/active_support/callbacks.rb:130:in `instance_exec'
activesupport (7.1.3) lib/active_support/callbacks.rb:130:in `block in run_callbacks'
activesupport (7.1.3) lib/active_support/callbacks.rb:141:in `run_callbacks'
actionpack (7.1.3) lib/abstract_controller/callbacks.rb:258:in `process_action'
actionpack (7.1.3) lib/action_controller/metal/rescue.rb:25:in `process_action'
actionpack (7.1.3) lib/action_controller/metal/instrumentation.rb:74:in `block in process_action'
activesupport (7.1.3) lib/active_support/notifications.rb:206:in `block in instrument'
activesupport (7.1.3) lib/active_support/notifications/instrumenter.rb:58:in `instrument'
activesupport (7.1.3) lib/active_support/notifications.rb:206:in `instrument'
actionpack (7.1.3) lib/action_controller/metal/instrumentation.rb:73:in `process_action'
actionpack (7.1.3) lib/action_controller/metal/params_wrapper.rb:261:in `process_action'
activerecord (7.1.3) lib/active_record/railties/controller_runtime.rb:32:in `process_action'
actionpack (7.1.3) lib/abstract_controller/base.rb:160:in `process'
actionview (7.1.3) lib/action_view/rendering.rb:40:in `process'
actionpack (7.1.3) lib/action_controller/metal.rb:227:in `dispatch'
actionpack (7.1.3) lib/action_controller/metal.rb:309:in `dispatch'
actionpack (7.1.3) lib/action_dispatch/routing/route_set.rb:49:in `dispatch'
actionpack (7.1.3) lib/action_dispatch/routing/route_set.rb:32:in `serve'
actionpack (7.1.3) lib/action_dispatch/journey/router.rb:51:in `block in serve'
actionpack (7.1.3) lib/action_dispatch/journey/router.rb:131:in `block in find_routes'
actionpack (7.1.3) lib/action_dispatch/journey/router.rb:124:in `each'
actionpack (7.1.3) lib/action_dispatch/journey/router.rb:124:in `find_routes'
actionpack (7.1.3) lib/action_dispatch/journey/router.rb:32:in `serve'
actionpack (7.1.3) lib/action_dispatch/routing/route_set.rb:882:in `call'
rack (3.0.9) lib/rack/tempfile_reaper.rb:20:in `call'
rack (3.0.9) lib/rack/etag.rb:29:in `call'
rack (3.0.9) lib/rack/conditional_get.rb:31:in `call'
rack (3.0.9) lib/rack/head.rb:15:in `call'
actionpack (7.1.3) lib/action_dispatch/http/permissions_policy.rb:36:in `call'
actionpack (7.1.3) lib/action_dispatch/http/content_security_policy.rb:33:in `call'
rack-session (2.0.0) lib/rack/session/abstract/id.rb:272:in `context'
rack-session (2.0.0) lib/rack/session/abstract/id.rb:266:in `call'
actionpack (7.1.3) lib/action_dispatch/middleware/cookies.rb:689:in `call'
activerecord (7.1.3) lib/active_record/migration.rb:655:in `call'
actionpack (7.1.3) lib/action_dispatch/middleware/callbacks.rb:29:in `block in call'
activesupport (7.1.3) lib/active_support/callbacks.rb:101:in `run_callbacks'
actionpack (7.1.3) lib/action_dispatch/middleware/callbacks.rb:28:in `call'
actionpack (7.1.3) lib/action_dispatch/middleware/executor.rb:14:in `call'
actionpack (7.1.3) lib/action_dispatch/middleware/actionable_exceptions.rb:16:in `call'
actionpack (7.1.3) lib/action_dispatch/middleware/debug_exceptions.rb:29:in `call'
web-console (4.2.1) lib/web_console/middleware.rb:132:in `call_app'
web-console (4.2.1) lib/web_console/middleware.rb:28:in `block in call'
web-console (4.2.1) lib/web_console/middleware.rb:17:in `catch'
web-console (4.2.1) lib/web_console/middleware.rb:17:in `call'
actionpack (7.1.3) lib/action_dispatch/middleware/show_exceptions.rb:31:in `call'
railties (7.1.3) lib/rails/rack/logger.rb:37:in `call_app'
railties (7.1.3) lib/rails/rack/logger.rb:24:in `block in call'
activesupport (7.1.3) lib/active_support/tagged_logging.rb:135:in `block in tagged'
activesupport (7.1.3) lib/active_support/tagged_logging.rb:39:in `tagged'
activesupport (7.1.3) lib/active_support/tagged_logging.rb:135:in `tagged'
activesupport (7.1.3) lib/active_support/broadcast_logger.rb:240:in `method_missing'
railties (7.1.3) lib/rails/rack/logger.rb:24:in `call'
sprockets-rails (3.4.2) lib/sprockets/rails/quiet_assets.rb:13:in `call'
actionpack (7.1.3) lib/action_dispatch/middleware/remote_ip.rb:92:in `call'
actionpack (7.1.3) lib/action_dispatch/middleware/request_id.rb:28:in `call'
rack (3.0.9) lib/rack/method_override.rb:28:in `call'
rack (3.0.9) lib/rack/runtime.rb:24:in `call'
activesupport (7.1.3) lib/active_support/cache/strategy/local_cache_middleware.rb:29:in `call'
actionpack (7.1.3) lib/action_dispatch/middleware/server_timing.rb:59:in `block in call'
actionpack (7.1.3) lib/action_dispatch/middleware/server_timing.rb:24:in `collect_events'
actionpack (7.1.3) lib/action_dispatch/middleware/server_timing.rb:58:in `call'
actionpack (7.1.3) lib/action_dispatch/middleware/executor.rb:14:in `call'
actionpack (7.1.3) lib/action_dispatch/middleware/static.rb:25:in `call'
rack (3.0.9) lib/rack/sendfile.rb:114:in `call'
actionpack (7.1.3) lib/action_dispatch/middleware/host_authorization.rb:141:in `call'
railties (7.1.3) lib/rails/engine.rb:536:in `call'
puma (6.4.2) lib/puma/configuration.rb:272:in `call'
puma (6.4.2) lib/puma/request.rb:100:in `block in handle_request'
puma (6.4.2) lib/puma/thread_pool.rb:378:in `with_force_shutdown'
puma (6.4.2) lib/puma/request.rb:99:in `handle_request'
puma (6.4.2) lib/puma/server.rb:464:in `process_client'
puma (6.4.2) lib/puma/server.rb:245:in `block in run'
puma (6.4.2) lib/puma/thread_pool.rb:155:in `block in spawn_thread'
Started GET "/employees/new" for ::1 at 2024-02-19 17:25:29 +0530
Processing by EmployeesController#new as HTML
  Rendering layout layouts/application.html.erb
  Rendering employees/new.html.erb within layouts/application
  Rendered employees/_form.html.erb (Duration: 1072.4ms | Allocations: 6898)
  Rendered employees/new.html.erb within layouts/application (Duration: 1085.1ms | Allocations: 7192)
  Rendered layout layouts/application.html.erb (Duration: 1794.7ms | Allocations: 27141)
Completed 200 OK in 1965ms (Views: 1822.8ms | ActiveRecord: 34.0ms | Allocations: 33047)


Started GET "/employees" for ::1 at 2024-02-19 17:25:40 +0530
Processing by EmployeesController#index as HTML
  Rendering layout layouts/application.html.erb
  Rendering employees/index.html.erb within layouts/application
  [1m[36mEmployee Load (8.9ms)[0m  [1m[34mSELECT "employees".* FROM "employees"[0m
  ↳ app/views/employees/index.html.erb:14
  Rendered employees/index.html.erb within layouts/application (Duration: 68.2ms | Allocations: 766)
  Rendered layout layouts/application.html.erb (Duration: 215.0ms | Allocations: 2365)
Completed 200 OK in 262ms (Views: 225.5ms | ActiveRecord: 8.9ms | Allocations: 2753)


Started GET "/employees/new" for ::1 at 2024-02-19 17:25:44 +0530
Processing by EmployeesController#new as HTML
  Rendering layout layouts/application.html.erb
  Rendering employees/new.html.erb within layouts/application
  Rendered employees/_form.html.erb (Duration: 8.7ms | Allocations: 1258)
  Rendered employees/new.html.erb within layouts/application (Duration: 20.2ms | Allocations: 1338)
  Rendered layout layouts/application.html.erb (Duration: 39.7ms | Allocations: 2771)
Completed 200 OK in 51ms (Views: 46.1ms | ActiveRecord: 0.0ms | Allocations: 3055)


Started POST "/employees" for ::1 at 2024-02-19 17:26:24 +0530
Processing by EmployeesController#create as TURBO_STREAM
  Parameters: {"authenticity_token"=>"[FILTERED]", "employee"=>{"first_name"=>"Meet", "last_name"=>"Solanki", "email"=>"meetsolanki140@gmail.com", "password"=>"[FILTERED]", "admin"=>"1"}, "commit"=>"Create Employee"}
Completed 500 Internal Server Error in 102ms (ActiveRecord: 0.0ms | Allocations: 1044)


  
ActiveModel::UnknownAttributeError (unknown attribute 'password' for Employee.):
  
app/controllers/employees_controller.rb:36:in `create'
Started GET "/employees/new" for ::1 at 2024-02-19 17:38:33 +0530
Processing by EmployeesController#new as HTML
Completed 500 Internal Server Error in 840ms (ActiveRecord: 0.0ms | Allocations: 1587)


  
LoadError (cannot load such file -- bcrypt):
  
app/models/employee.rb:3:in `<class:Employee>'
app/models/employee.rb:1:in `<main>'
app/controllers/employees_controller.rb:17:in `new'
Started GET "/employees/new" for ::1 at 2024-02-19 17:41:17 +0530
  [1m[36mActiveRecord::SchemaMigration Load (0.2ms)[0m  [1m[34mSELECT "schema_migrations"."version" FROM "schema_migrations" ORDER BY "schema_migrations"."version" ASC[0m
Processing by EmployeesController#new as HTML
  Rendering layout layouts/application.html.erb
  Rendering employees/new.html.erb within layouts/application
  Rendered employees/_form.html.erb (Duration: 200.4ms | Allocations: 4814)
  Rendered employees/new.html.erb within layouts/application (Duration: 242.4ms | Allocations: 5254)
  Rendered layout layouts/application.html.erb (Duration: 1679.1ms | Allocations: 46633)
Completed 200 OK in 2248ms (Views: 1834.6ms | ActiveRecord: 7.5ms | Allocations: 69512)


Started GET "/employees" for ::1 at 2024-02-19 17:41:48 +0530
Processing by EmployeesController#index as HTML
  Rendering layout layouts/application.html.erb
  Rendering employees/index.html.erb within layouts/application
  [1m[36mEmployee Load (0.3ms)[0m  [1m[34mSELECT "employees".* FROM "employees"[0m
  ↳ app/views/employees/index.html.erb:14
  Rendered employees/index.html.erb within layouts/application (Duration: 17.6ms | Allocations: 885)
  Rendered layout layouts/application.html.erb (Duration: 139.9ms | Allocations: 2496)
Completed 200 OK in 958ms (Views: 208.8ms | ActiveRecord: 0.3ms | Allocations: 18644)


Started GET "/employees/new" for ::1 at 2024-02-19 17:41:50 +0530
Processing by EmployeesController#new as HTML
  Rendering layout layouts/application.html.erb
  Rendering employees/new.html.erb within layouts/application
  Rendered employees/_form.html.erb (Duration: 27.5ms | Allocations: 1234)
  Rendered employees/new.html.erb within layouts/application (Duration: 31.8ms | Allocations: 1313)
  Rendered layout layouts/application.html.erb (Duration: 60.0ms | Allocations: 2759)
Completed 200 OK in 71ms (Views: 65.7ms | ActiveRecord: 0.0ms | Allocations: 3049)


Started POST "/employees" for ::1 at 2024-02-19 17:42:17 +0530
Processing by EmployeesController#create as TURBO_STREAM
  Parameters: {"authenticity_token"=>"[FILTERED]", "employee"=>{"first_name"=>"Meet", "last_name"=>"Solanki", "email"=>"meetsolanki140@gmail.com", "password"=>"[FILTERED]", "admin"=>"1"}, "commit"=>"Create Employee"}
  [1m[36mTRANSACTION (0.7ms)[0m  [1m[36mbegin transaction[0m
  ↳ app/controllers/employees_controller.rb:37:in `create'
  [1m[36mEmployee Create (4.6ms)[0m  [1m[32mINSERT INTO "employees" ("first_name", "last_name", "email", "password_digest", "admin", "created_at", "updated_at") VALUES (?, ?, ?, ?, ?, ?, ?) RETURNING "id"[0m  [["first_name", "Meet"], ["last_name", "Solanki"], ["email", "meetsolanki140@gmail.com"], ["password_digest", "[FILTERED]"], ["admin", 1], ["created_at", "2024-02-19 12:12:17.963844"], ["updated_at", "2024-02-19 12:12:17.963844"]]
  ↳ app/controllers/employees_controller.rb:37:in `create'
  [1m[36mTRANSACTION (6.1ms)[0m  [1m[36mcommit transaction[0m
  ↳ app/controllers/employees_controller.rb:37:in `create'
Redirected to http://localhost:3000/employees/1
Completed 302 Found in 739ms (ActiveRecord: 11.2ms | Allocations: 3835)


Started GET "/employees/1" for ::1 at 2024-02-19 17:42:18 +0530
Processing by EmployeesController#show as TURBO_STREAM
  Parameters: {"id"=>"1"}
  [1m[36mEmployee Load (0.3ms)[0m  [1m[34mSELECT "employees".* FROM "employees" WHERE "employees"."id" = ? LIMIT ?[0m  [["id", 1], ["LIMIT", 1]]
  ↳ app/controllers/employees_controller.rb:62:in `set_employee'
  [1m[36mCACHE Employee Load (0.0ms)[0m  [1m[34mSELECT "employees".* FROM "employees" WHERE "employees"."id" = ? LIMIT ?[0m  [["id", 1], ["LIMIT", 1]]
  ↳ app/controllers/employees_controller.rb:12:in `show'
  Rendering layout layouts/application.html.erb
  Rendering employees/show.html.erb within layouts/application
  Rendered employees/show.html.erb within layouts/application (Duration: 12.2ms | Allocations: 1483)
  Rendered layout layouts/application.html.erb (Duration: 15.2ms | Allocations: 1572)
Completed 500 Internal Server Error in 245ms (ActiveRecord: 0.3ms | Allocations: 4500)


  
ActionView::Template::Error (undefined local variable or method `employee' for an instance of #<Class:0x000002728ceefd30>):
    1: <h1><%= "#{@employee.first_name} #{employee.last_name}" %></h1>
    2: 
    3: <p>Email: <%= @employee.email %></p>
    4: <p>Admin: <%= @employee.admin? ? 'Yes' : 'No' %></p>
  
app/views/employees/show.html.erb:1
Started GET "/employees/new" for ::1 at 2024-02-19 17:43:55 +0530
Processing by EmployeesController#new as HTML
  Rendering layout layouts/application.html.erb
  Rendering employees/new.html.erb within layouts/application
  Rendered employees/_form.html.erb (Duration: 24.4ms | Allocations: 1834)
  Rendered employees/new.html.erb within layouts/application (Duration: 57.6ms | Allocations: 2125)
  Rendered layout layouts/application.html.erb (Duration: 359.8ms | Allocations: 22136)
Completed 200 OK in 516ms (Views: 399.6ms | ActiveRecord: 14.3ms | Allocations: 28267)


Started GET "/employees" for ::1 at 2024-02-19 17:44:01 +0530
Processing by EmployeesController#index as HTML
  Rendering layout layouts/application.html.erb
  Rendering employees/index.html.erb within layouts/application
  [1m[36mEmployee Load (0.4ms)[0m  [1m[34mSELECT "employees".* FROM "employees"[0m
  ↳ app/views/employees/index.html.erb:14
  Rendered employees/index.html.erb within layouts/application (Duration: 7.5ms | Allocations: 934)
  Rendered layout layouts/application.html.erb (Duration: 20.2ms | Allocations: 2549)
Completed 200 OK in 36ms (Views: 22.7ms | ActiveRecord: 0.4ms | Allocations: 2931)


Started GET "/employees/1/edit" for ::1 at 2024-02-19 17:44:11 +0530
Processing by EmployeesController#edit as HTML
  Parameters: {"id"=>"1"}
  [1m[36mEmployee Load (0.2ms)[0m  [1m[34mSELECT "employees".* FROM "employees" WHERE "employees"."id" = ? LIMIT ?[0m  [["id", 1], ["LIMIT", 1]]
  ↳ app/controllers/employees_controller.rb:62:in `set_employee'
  Rendering layout layouts/application.html.erb
  Rendering employees/edit.html.erb within layouts/application
  Rendered employees/_form.html.erb (Duration: 5.3ms | Allocations: 1324)
  Rendered employees/edit.html.erb within layouts/application (Duration: 8.2ms | Allocations: 1554)
  Rendered layout layouts/application.html.erb (Duration: 24.4ms | Allocations: 2983)
Completed 200 OK in 44ms (Views: 27.8ms | ActiveRecord: 0.2ms | Allocations: 4316)


Started PATCH "/employees/1" for ::1 at 2024-02-19 17:44:21 +0530
Processing by EmployeesController#update as TURBO_STREAM
  Parameters: {"authenticity_token"=>"[FILTERED]", "employee"=>{"first_name"=>"Meet", "last_name"=>"Solanki", "email"=>"meetsolanki140@gmail.com", "password"=>"[FILTERED]", "admin"=>"1"}, "commit"=>"Update Employee", "id"=>"1"}
  [1m[36mEmployee Load (0.1ms)[0m  [1m[34mSELECT "employees".* FROM "employees" WHERE "employees"."id" = ? LIMIT ?[0m  [["id", 1], ["LIMIT", 1]]
  ↳ app/controllers/employees_controller.rb:62:in `set_employee'
  [1m[36mTRANSACTION (0.1ms)[0m  [1m[36mbegin transaction[0m
  ↳ app/controllers/employees_controller.rb:26:in `update'
  [1m[36mEmployee Update (12.9ms)[0m  [1m[33mUPDATE "employees" SET "password_digest" = ?, "updated_at" = ? WHERE "employees"."id" = ?[0m  [["password_digest", "[FILTERED]"], ["updated_at", "2024-02-19 12:14:22.073972"], ["id", 1]]
  ↳ app/controllers/employees_controller.rb:26:in `update'
  [1m[36mTRANSACTION (21.5ms)[0m  [1m[36mcommit transaction[0m
  ↳ app/controllers/employees_controller.rb:26:in `update'
Redirected to http://localhost:3000/employees/1
Completed 302 Found in 897ms (ActiveRecord: 34.6ms | Allocations: 2962)


Started GET "/employees/1" for ::1 at 2024-02-19 17:44:22 +0530
Processing by EmployeesController#show as TURBO_STREAM
  Parameters: {"id"=>"1"}
  [1m[36mEmployee Load (0.2ms)[0m  [1m[34mSELECT "employees".* FROM "employees" WHERE "employees"."id" = ? LIMIT ?[0m  [["id", 1], ["LIMIT", 1]]
  ↳ app/controllers/employees_controller.rb:62:in `set_employee'
  [1m[36mCACHE Employee Load (1.3ms)[0m  [1m[34mSELECT "employees".* FROM "employees" WHERE "employees"."id" = ? LIMIT ?[0m  [["id", 1], ["LIMIT", 1]]
  ↳ app/controllers/employees_controller.rb:12:in `show'
  Rendering layout layouts/application.html.erb
  Rendering employees/show.html.erb within layouts/application
  Rendered employees/show.html.erb within layouts/application (Duration: 12.5ms | Allocations: 192)
  Rendered layout layouts/application.html.erb (Duration: 152.3ms | Allocations: 1802)
Completed 200 OK in 418ms (Views: 200.9ms | ActiveRecord: 0.2ms | Allocations: 2818)


Started GET "/employees" for ::1 at 2024-02-19 17:44:31 +0530
Processing by EmployeesController#index as HTML
  Rendering layout layouts/application.html.erb
  Rendering employees/index.html.erb within layouts/application
  [1m[36mEmployee Load (0.3ms)[0m  [1m[34mSELECT "employees".* FROM "employees"[0m
  ↳ app/views/employees/index.html.erb:14
  Rendered employees/index.html.erb within layouts/application (Duration: 23.3ms | Allocations: 517)
  Rendered layout layouts/application.html.erb (Duration: 60.0ms | Allocations: 2152)
Completed 200 OK in 88ms (Views: 76.7ms | ActiveRecord: 0.3ms | Allocations: 2427)


Started GET "/employees/1/edit" for ::1 at 2024-02-19 17:44:34 +0530
Started GET "/employees/1" for ::1 at 2024-02-19 17:44:34 +0530
Processing by EmployeesController#edit as HTML
  Parameters: {"id"=>"1"}
  [1m[36mEmployee Load (0.4ms)[0m  [1m[34mSELECT "employees".* FROM "employees" WHERE "employees"."id" = ? LIMIT ?[0m  [["id", 1], ["LIMIT", 1]]
  ↳ app/controllers/employees_controller.rb:62:in `set_employee'
  Rendering layout layouts/application.html.erb
  Rendering employees/edit.html.erb within layouts/application
  Rendered employees/_form.html.erb (Duration: 15.4ms | Allocations: 1307)
  Rendered employees/edit.html.erb within layouts/application (Duration: 18.5ms | Allocations: 1391)
  Rendered layout layouts/application.html.erb (Duration: 49.2ms | Allocations: 2889)
Completed 200 OK in 151ms (Views: 52.2ms | ActiveRecord: 0.4ms | Allocations: 3537)


Processing by EmployeesController#show as HTML
  Parameters: {"id"=>"1"}
  [1m[36mEmployee Load (0.2ms)[0m  [1m[34mSELECT "employees".* FROM "employees" WHERE "employees"."id" = ? LIMIT ?[0m  [["id", 1], ["LIMIT", 1]]
  ↳ app/controllers/employees_controller.rb:62:in `set_employee'
  [1m[36mCACHE Employee Load (0.0ms)[0m  [1m[34mSELECT "employees".* FROM "employees" WHERE "employees"."id" = ? LIMIT ?[0m  [["id", 1], ["LIMIT", 1]]
  ↳ app/controllers/employees_controller.rb:12:in `show'
  Rendering layout layouts/application.html.erb
  Rendering employees/show.html.erb within layouts/application
  Rendered employees/show.html.erb within layouts/application (Duration: 0.5ms | Allocations: 47)
  Rendered layout layouts/application.html.erb (Duration: 113.5ms | Allocations: 1673)
Completed 200 OK in 219ms (Views: 116.9ms | ActiveRecord: 0.2ms | Allocations: 2601)


Started GET "/employees" for ::1 at 2024-02-19 17:44:38 +0530
Processing by EmployeesController#index as HTML
  Rendering layout layouts/application.html.erb
  Rendering employees/index.html.erb within layouts/application
  [1m[36mEmployee Load (0.2ms)[0m  [1m[34mSELECT "employees".* FROM "employees"[0m
  ↳ app/views/employees/index.html.erb:14
  Rendered employees/index.html.erb within layouts/application (Duration: 13.0ms | Allocations: 517)
  Rendered layout layouts/application.html.erb (Duration: 29.9ms | Allocations: 2145)
Completed 200 OK in 37ms (Views: 32.5ms | ActiveRecord: 0.1ms | Allocations: 2420)


Started GET "/employees/new" for ::1 at 2024-02-19 17:44:39 +0530
Processing by EmployeesController#new as HTML
  Rendering layout layouts/application.html.erb
  Rendering employees/new.html.erb within layouts/application
  Rendered employees/_form.html.erb (Duration: 2.5ms | Allocations: 1275)
  Rendered employees/new.html.erb within layouts/application (Duration: 7.7ms | Allocations: 1354)
  Rendered layout layouts/application.html.erb (Duration: 19.7ms | Allocations: 2786)
Completed 200 OK in 28ms (Views: 21.3ms | ActiveRecord: 0.0ms | Allocations: 3070)


  [1m[36mActiveRecord::InternalMetadata Load (0.4ms)[0m  [1m[34mSELECT * FROM "ar_internal_metadata" WHERE "ar_internal_metadata"."key" = ? ORDER BY "ar_internal_metadata"."key" ASC LIMIT 1[0m  [[nil, "environment"]]
  [1m[36mActiveRecord::SchemaMigration Load (0.2ms)[0m  [1m[34mSELECT "schema_migrations"."version" FROM "schema_migrations" ORDER BY "schema_migrations"."version" ASC[0m
  [1m[36mActiveRecord::SchemaMigration Load (0.1ms)[0m  [1m[34mSELECT "schema_migrations"."version" FROM "schema_migrations" ORDER BY "schema_migrations"."version" ASC[0m
Started GET "/statuses" for ::1 at 2024-02-19 18:08:18 +0530
Started GET "/statuses" for ::1 at 2024-02-19 18:08:18 +0530
  [1m[36mActiveRecord::SchemaMigration Load (0.3ms)[0m  [1m[34mSELECT "schema_migrations"."version" FROM "schema_migrations" ORDER BY "schema_migrations"."version" ASC[0m
  
ActionController::RoutingError (No route matches [GET] "/statuses"):
  
  
ActionController::RoutingError (No route matches [GET] "/statuses"):
  
Started GET "/statuses/shw" for ::1 at 2024-02-19 18:08:24 +0530
  
ActionController::RoutingError (No route matches [GET] "/statuses/shw"):
  
Started GET "/statuses/show" for ::1 at 2024-02-19 18:08:27 +0530
  
ActionController::RoutingError (No route matches [GET] "/statuses/show"):
  
Started GET "/statuses/show" for ::1 at 2024-02-19 18:09:02 +0530
  
ActionController::RoutingError (No route matches [GET] "/statuses/show"):
  
Started GET "/statuses/show" for ::1 at 2024-02-19 18:09:24 +0530
  [1m[36mActiveRecord::SchemaMigration Load (0.3ms)[0m  [1m[34mSELECT "schema_migrations"."version" FROM "schema_migrations" ORDER BY "schema_migrations"."version" ASC[0m
  
ActionController::RoutingError (No route matches [GET] "/statuses/show"):
  
Started GET "/statuses/show" for ::1 at 2024-02-19 18:10:05 +0530
  
ActionController::RoutingError (No route matches [GET] "/statuses/show"):
  
Started GET "/statuses/show" for ::1 at 2024-02-19 18:11:08 +0530
  
ActionController::RoutingError (No route matches [GET] "/statuses/show"):
  
Started GET "/statuses/show" for ::1 at 2024-02-19 18:12:05 +0530
Processing by StatusesController#show as HTML
  Parameters: {"id"=>"show"}
Completed 500 Internal Server Error in 1486ms (ActiveRecord: 0.0ms | Allocations: 9876)


  
ArgumentError (No association found for name `tasts'. Has it been defined yet?):
  
app/models/status.rb:6:in `<class:Status>'
app/models/status.rb:1:in `<main>'
app/controllers/statuses_controller.rb:55:in `set_status'
Started GET "/statuses/show" for ::1 at 2024-02-19 18:12:50 +0530
Processing by StatusesController#show as HTML
  Parameters: {"id"=>"show"}
Completed 500 Internal Server Error in 252ms (ActiveRecord: 0.0ms | Allocations: 2793)


  
ArgumentError (No association found for name `tasks'. Has it been defined yet?):
  
app/models/status.rb:6:in `<class:Status>'
app/models/status.rb:1:in `<main>'
app/controllers/statuses_controller.rb:55:in `set_status'
Started GET "/statuses/show" for ::1 at 2024-02-19 18:16:06 +0530
Processing by StatusesController#show as HTML
  Parameters: {"id"=>"show"}
Completed 500 Internal Server Error in 125ms (ActiveRecord: 0.0ms | Allocations: 3019)


  
ArgumentError (No association found for name `tasks'. Has it been defined yet?):
  
app/models/status.rb:12:in `<class:Status>'
app/models/status.rb:1:in `<main>'
app/controllers/statuses_controller.rb:55:in `set_status'
Started GET "/statuses/show" for ::1 at 2024-02-19 18:16:58 +0530
Processing by StatusesController#show as HTML
  Parameters: {"id"=>"show"}
  [1m[36mStatus Load (0.3ms)[0m  [1m[34mSELECT "statuses".* FROM "statuses" WHERE "statuses"."id" = ? LIMIT ?[0m  [["id", nil], ["LIMIT", 1]]
  ↳ app/controllers/statuses_controller.rb:55:in `set_status'
Completed 404 Not Found in 317ms (ActiveRecord: 22.9ms | Allocations: 8186)


  
ActiveRecord::RecordNotFound (Couldn't find Status with 'id'=show):
  
app/controllers/statuses_controller.rb:55:in `set_status'
